SF:lib/core/network/network_info.dart
DA:10,1
DA:12,1
DA:14,2
DA:15,1
LF:4
LH:4
end_of_record
SF:lib/core/error/failures.dart
DA:4,3
DA:6,0
DA:7,0
DA:13,3
DA:15,1
DA:16,2
DA:22,2
DA:24,1
DA:25,2
DA:31,3
DA:33,1
DA:34,2
LF:12
LH:10
end_of_record
SF:lib/features/repository_search/domain/entities/owner_entity.dart
DA:8,12
DA:14,6
DA:15,24
LF:3
LH:3
end_of_record
SF:lib/features/repository_search/domain/entities/repository_entity.dart
DA:14,9
DA:25,5
DA:26,5
DA:27,5
DA:28,5
DA:29,5
DA:30,5
DA:31,5
DA:32,5
DA:33,5
DA:34,5
LF:11
LH:11
end_of_record
SF:lib/features/repository_search/domain/entities/search_result_entity.dart
DA:9,6
DA:15,3
DA:16,12
LF:3
LH:3
end_of_record
SF:lib/core/utils/usecase.dart
DA:9,0
LF:1
LH:0
end_of_record
SF:lib/features/repository_search/domain/usecases/search_repositories.dart
DA:10,1
DA:12,1
DA:14,2
DA:15,1
DA:16,1
DA:17,1
DA:27,1
LF:7
LH:7
end_of_record
SF:lib/features/repository_search/data/models/search_result_model.dart
DA:25,3
DA:29,2
DA:35,2
DA:36,2
DA:38,2
LF:5
LH:5
end_of_record
SF:lib/features/repository_search/data/models/search_result_model.g.dart
DA:13,0
DA:15,0
DA:16,0
DA:17,0
DA:19,0
DA:20,0
DA:21,0
DA:22,0
DA:26,0
DA:29,0
DA:30,0
DA:31,0
DA:32,0
DA:33,0
DA:34,0
DA:35,0
DA:38,0
DA:39,0
DA:41,0
DA:44,0
DA:45,0
DA:46,0
DA:53,2
DA:54,2
DA:55,4
DA:56,2
DA:57,2
DA:58,6
DA:59,2
DA:62,1
DA:63,1
DA:64,1
DA:65,1
DA:66,1
LF:34
LH:12
end_of_record
SF:lib/features/repository_search/data/models/repository_model.dart
DA:47,5
DA:56,3
DA:67,3
DA:68,3
DA:70,2
LF:5
LH:5
end_of_record
SF:lib/features/repository_search/data/models/repository_model.g.dart
DA:13,0
DA:15,0
DA:16,0
DA:17,0
DA:19,0
DA:20,0
DA:21,0
DA:22,0
DA:23,0
DA:24,0
DA:25,0
DA:26,0
DA:27,0
DA:31,0
DA:34,0
DA:35,0
DA:36,0
DA:37,0
DA:38,0
DA:39,0
DA:40,0
DA:41,0
DA:42,0
DA:43,0
DA:44,0
DA:45,0
DA:46,0
DA:47,0
DA:48,0
DA:49,0
DA:50,0
DA:53,0
DA:54,0
DA:56,0
DA:59,0
DA:60,0
DA:61,0
DA:68,3
DA:69,3
DA:70,6
DA:71,3
DA:72,3
DA:73,3
DA:74,6
DA:75,6
DA:76,3
DA:77,6
DA:80,1
DA:81,1
DA:82,1
DA:83,1
DA:84,1
DA:85,1
DA:86,1
DA:87,1
DA:88,1
DA:89,1
LF:57
LH:20
end_of_record
SF:lib/features/repository_search/data/models/owner_model.g.dart
DA:13,0
DA:15,0
DA:16,0
DA:17,0
DA:19,0
DA:20,0
DA:21,0
DA:22,0
DA:26,0
DA:29,0
DA:30,0
DA:31,0
DA:32,0
DA:33,0
DA:34,0
DA:35,0
DA:38,0
DA:39,0
DA:41,0
DA:44,0
DA:45,0
DA:46,0
DA:53,8
DA:54,8
DA:55,4
DA:56,4
DA:59,1
DA:60,1
DA:61,1
DA:62,1
DA:63,1
LF:31
LH:9
end_of_record
SF:lib/features/repository_search/data/models/owner_model.dart
DA:23,7
DA:27,4
DA:33,4
DA:34,4
DA:36,2
LF:5
LH:5
end_of_record
SF:lib/features/repository_search/data/datasources/remote/github_api_service.dart
DA:8,1
DA:15,2
DA:16,1
DA:20,1
DA:21,1
DA:25,1
DA:27,1
DA:33,2
DA:34,3
DA:35,0
DA:36,0
DA:38,0
LF:12
LH:9
end_of_record
SF:lib/features/repository_search/domain/usecases/refresh_repositories.dart
DA:10,1
DA:12,1
DA:14,2
DA:15,1
DA:16,1
DA:17,1
DA:27,1
LF:7
LH:7
end_of_record
